<?xml version="1.0" encoding="UTF-8"?>
<testng-results ignored="0" total="1" passed="1" failed="0" skipped="0">
  <reporter-output>
  </reporter-output>
  <suite started-at="2022-04-12T11:43:24 IST" name="Default suite" finished-at="2022-04-12T11:44:11 IST" duration-ms="46438">
    <groups>
    </groups>
    <test started-at="2022-04-12T11:43:24 IST" name="Default test" finished-at="2022-04-12T11:44:11 IST" duration-ms="46438">
      <class name="MDSi_EDIProcessing.MDSiOrderTracking">
        <test-method is-config="true" signature="startUp()[pri:0, instance:MDSi_EDIProcessing.MDSiOrderTracking@65c7a252]" started-at="2022-04-12T11:43:23 IST" name="startUp" finished-at="2022-04-12T11:43:24 IST" duration-ms="1553" status="PASS">
          <reporter-output>
          </reporter-output>
        </test-method> <!-- startUp -->
        <test-method signature="mdSiOrderTracking()[pri:0, instance:MDSi_EDIProcessing.MDSiOrderTracking@65c7a252]" started-at="2022-04-12T11:43:24 IST" name="mdSiOrderTracking" finished-at="2022-04-12T11:44:11 IST" duration-ms="46400" status="PASS">
          <reporter-output>
          </reporter-output>
        </test-method> <!-- mdSiOrderTracking -->
        <test-method is-config="true" signature="Complete()[pri:0, instance:MDSi_EDIProcessing.MDSiOrderTracking@65c7a252]" started-at="2022-04-12T11:44:11 IST" name="Complete" finished-at="2022-04-12T11:44:11 IST" duration-ms="47" status="PASS">
          <reporter-output>
          </reporter-output>
        </test-method> <!-- Complete -->
      </class> <!-- MDSi_EDIProcessing.MDSiOrderTracking -->
    </test> <!-- Default test -->
  </suite> <!-- Default suite -->
</testng-results>
