<?xml version="1.0" encoding="UTF-8"?>
<!-- Generated by org.testng.reporters.JUnitXMLReporter -->
<testsuite ignored="0" hostname="SIPL92" failures="1" tests="2" name="MDSiOrderCreation_OrderTracking" time="0.322" errors="0" timestamp="2022-02-22T14:41:25 IST">
  <testcase classname="MDSi_EDIProcessing.MDSiOrderCreation" name="@BeforeMethod login" time="0.262">
    <failure type="java.lang.NoSuchMethodError" message="&amp;apos;com.google.common.util.concurrent.SimpleTimeLimiter com.google.common.util.concurrent.SimpleTimeLimiter.create(java.util.concurrent.ExecutorService)&amp;apos;">
      <![CDATA[java.lang.NoSuchMethodError: 'com.google.common.util.concurrent.SimpleTimeLimiter com.google.common.util.concurrent.SimpleTimeLimiter.create(java.util.concurrent.ExecutorService)'
at org.openqa.selenium.net.UrlChecker.<init>(UrlChecker.java:62)
at org.openqa.selenium.remote.service.DriverService.waitUntilAvailable(DriverService.java:188)
at org.openqa.selenium.remote.service.DriverService.start(DriverService.java:179)
at org.openqa.selenium.remote.service.DriverCommandExecutor.execute(DriverCommandExecutor.java:79)
at org.openqa.selenium.remote.RemoteWebDriver.execute(RemoteWebDriver.java:548)
at org.openqa.selenium.remote.RemoteWebDriver.startSession(RemoteWebDriver.java:212)
at org.openqa.selenium.remote.RemoteWebDriver.<init>(RemoteWebDriver.java:130)
at org.openqa.selenium.chrome.ChromeDriver.<init>(ChromeDriver.java:181)
at org.openqa.selenium.chrome.ChromeDriver.<init>(ChromeDriver.java:168)
at org.openqa.selenium.chrome.ChromeDriver.<init>(ChromeDriver.java:157)
at MDSi_EDIProcessing.MDSiOrderCreation.login(MDSiOrderCreation.java:33)
at java.base/java.util.ArrayList.forEach(ArrayList.java:1511)
... Removed 31 stack frames]]>
    </failure>
  </testcase> <!-- @BeforeMethod login -->
  <testcase classname="MDSi_EDIProcessing.MDSiOrderCreation" name="mdSiOrderCreation" time="0.0">
    <skipped/>
  </testcase> <!-- mdSiOrderCreation -->
  <testcase classname="MDSi_EDIProcessing.MDSiOrderTracking" name="mdSiOrderTracking" time="0.002">
    <failure type="java.lang.NullPointerException" message="Cannot invoke &amp;quot;org.openqa.selenium.WebDriver.get(String)&amp;quot; because &amp;quot;MDSi_EDIProcessing.MDSiOrderTracking.driver&amp;quot; is null">
      <![CDATA[java.lang.NullPointerException: Cannot invoke "org.openqa.selenium.WebDriver.get(String)" because "MDSi_EDIProcessing.MDSiOrderTracking.driver" is null
at MDSi_EDIProcessing.MDSiOrderTracking.mdSiOrderTracking(MDSiOrderTracking.java:24)
at java.base/java.util.ArrayList.forEach(ArrayList.java:1511)
... Removed 27 stack frames]]>
    </failure>
  </testcase> <!-- mdSiOrderTracking -->
</testsuite> <!-- MDSiOrderCreation_OrderTracking -->
